d:\workspaces\kasium\kasium_v2\kasium_v2\x64\release\kasium_v2.pdb
d:\workspaces\kasium\kasium_v2\kasium_v2\x64\release\utils.obj
d:\workspaces\kasium\kasium_v2\kasium_v2\x64\release\settings.obj
d:\workspaces\kasium\kasium_v2\kasium_v2\x64\release\scanner.obj
d:\workspaces\kasium\kasium_v2\kasium_v2\x64\release\menu.obj
d:\workspaces\kasium\kasium_v2\kasium_v2\x64\release\magic.obj
d:\workspaces\kasium\kasium_v2\kasium_v2\x64\release\krnl.obj
d:\workspaces\kasium\kasium_v2\kasium_v2\x64\release\kasium_v2.obj
d:\workspaces\kasium\kasium_v2\kasium_v2\x64\release\engine.obj
d:\workspaces\kasium\kasium_v2\kasium_v2\x64\release\definitions.obj
d:\workspaces\kasium\kasium_v2\kasium_v2\x64\release\decryptor.obj
d:\workspaces\kasium\kasium_v2\kasium_v2\x64\release\cheat.obj
d:\workspaces\kasium\kasium_v2\kasium_v2\x64\release\aimbot.obj
d:\workspaces\kasium\kasium_v2\x64\release\kasium_v2.lib
d:\workspaces\kasium\kasium_v2\kasium_v2\x64\release\kasium_v2.tlog\cl.command.1.tlog
d:\workspaces\kasium\kasium_v2\kasium_v2\x64\release\kasium_v2.tlog\cl.read.1.tlog
d:\workspaces\kasium\kasium_v2\kasium_v2\x64\release\kasium_v2.tlog\cl.write.1.tlog
d:\workspaces\kasium\kasium_v2\kasium_v2\x64\release\kasium_v2.tlog\lib-link.read.1.tlog
d:\workspaces\kasium\kasium_v2\kasium_v2\x64\release\kasium_v2.tlog\lib-link.write.1.tlog
d:\workspaces\kasium\kasium_v2\kasium_v2\x64\release\kasium_v2.tlog\lib.command.1.tlog
