  aimbot.cpp
  cheat.cpp
D:\workspace\kasium\kasium_v2\kasium_v2\cheat.cpp(76,105): warning C4244: "Argument": Konvertierung von "double" in "float", möglicher Datenverlust
D:\workspace\kasium\kasium_v2\kasium_v2\cheat.cpp(150,15): warning C4244: "Initialisierung": Konvertierung von "double" in "int", möglicher Datenverlust
D:\workspace\kasium\kasium_v2\kasium_v2\cheat.cpp(156,127): warning C4244: "Argument": Konvertierung von "int" in "float", möglicher Datenverlust
D:\workspace\kasium\kasium_v2\kasium_v2\cheat.cpp(156,122): warning C4244: "Argument": Konvertierung von "int" in "float", möglicher Datenverlust
D:\workspace\kasium\kasium_v2\kasium_v2\cheat.cpp(159,118): warning C4244: "Argument": Konvertierung von "int" in "float", möglicher Datenverlust
D:\workspace\kasium\kasium_v2\kasium_v2\cheat.cpp(165,63): warning C4244: "Argument": Konvertierung von "uint32_t" in "float", möglicher Datenverlust
D:\workspace\kasium\kasium_v2\kasium_v2\cheat.cpp(165,49): warning C4244: "Argument": Konvertierung von "uint32_t" in "float", möglicher Datenverlust
D:\workspace\kasium\kasium_v2\kasium_v2\cheat.cpp(173,119): warning C4244: "Argument": Konvertierung von "int" in "float", möglicher Datenverlust
D:\workspace\kasium\kasium_v2\kasium_v2\cheat.cpp(176,128): warning C4244: "Argument": Konvertierung von "int" in "float", möglicher Datenverlust
D:\workspace\kasium\kasium_v2\kasium_v2\cheat.cpp(176,123): warning C4244: "Argument": Konvertierung von "int" in "float", möglicher Datenverlust
D:\workspace\kasium\kasium_v2\kasium_v2\cheat.cpp(182,64): warning C4244: "Argument": Konvertierung von "uint32_t" in "float", möglicher Datenverlust
D:\workspace\kasium\kasium_v2\kasium_v2\cheat.cpp(182,50): warning C4244: "Argument": Konvertierung von "uint32_t" in "float", möglicher Datenverlust
D:\workspace\kasium\kasium_v2\kasium_v2\cheat.cpp(187,118): warning C4244: "Argument": Konvertierung von "int" in "float", möglicher Datenverlust
D:\workspace\kasium\kasium_v2\kasium_v2\cheat.cpp(191,128): warning C4244: "Argument": Konvertierung von "int" in "float", möglicher Datenverlust
D:\workspace\kasium\kasium_v2\kasium_v2\cheat.cpp(191,123): warning C4244: "Argument": Konvertierung von "int" in "float", möglicher Datenverlust
D:\workspace\kasium\kasium_v2\kasium_v2\cheat.cpp(197,64): warning C4244: "Argument": Konvertierung von "uint32_t" in "float", möglicher Datenverlust
D:\workspace\kasium\kasium_v2\kasium_v2\cheat.cpp(197,50): warning C4244: "Argument": Konvertierung von "uint32_t" in "float", möglicher Datenverlust
D:\workspace\kasium\kasium_v2\kasium_v2\cheat.cpp(201,128): warning C4244: "Argument": Konvertierung von "int" in "float", möglicher Datenverlust
D:\workspace\kasium\kasium_v2\kasium_v2\cheat.cpp(201,123): warning C4244: "Argument": Konvertierung von "int" in "float", möglicher Datenverlust
D:\workspace\kasium\kasium_v2\kasium_v2\cheat.cpp(207,64): warning C4244: "Argument": Konvertierung von "uint32_t" in "float", möglicher Datenverlust
D:\workspace\kasium\kasium_v2\kasium_v2\cheat.cpp(207,50): warning C4244: "Argument": Konvertierung von "uint32_t" in "float", möglicher Datenverlust
D:\workspace\kasium\kasium_v2\kasium_v2\cheat.cpp(230,70): warning C4244: "Argument": Konvertierung von "float" in "int", möglicher Datenverlust
D:\workspace\kasium\kasium_v2\kasium_v2\cheat.cpp(260,54): warning C4244: "=": Konvertierung von "_Ty1" in "uint32_t", möglicher Datenverlust
          with
          [
              _Ty1=float
          ]
D:\workspace\kasium\kasium_v2\kasium_v2\cheat.cpp(261,55): warning C4244: "=": Konvertierung von "_Ty2" in "uint32_t", möglicher Datenverlust
          with
          [
              _Ty2=float
          ]
D:\workspace\kasium\kasium_v2\kasium_v2\cheat.cpp(269,80): warning C4244: "Argument": Konvertierung von "uint32_t" in "float", möglicher Datenverlust
D:\workspace\kasium\kasium_v2\kasium_v2\cheat.cpp(269,52): warning C4244: "Argument": Konvertierung von "uint32_t" in "float", möglicher Datenverlust
D:\workspace\kasium\kasium_v2\kasium_v2\cheat.cpp(273,77): warning C4244: "Argument": Konvertierung von "uint32_t" in "float", möglicher Datenverlust
D:\workspace\kasium\kasium_v2\kasium_v2\cheat.cpp(273,49): warning C4244: "Argument": Konvertierung von "uint32_t" in "float", möglicher Datenverlust
  core.cpp
  decryptor.cpp
D:\workspace\kasium\kasium_v2\kasium_v2\idadefs.hpp(71,1): warning C4005: "LOBYTE": Makro-Neudefinition
C:\Program Files (x86)\Windows Kits\10\Include\10.0.19041.0\shared\minwindef.h(206): message : Siehe vorherige Definition von "LOBYTE"
D:\workspace\kasium\kasium_v2\kasium_v2\idadefs.hpp(72,1): warning C4005: "LOWORD": Makro-Neudefinition
C:\Program Files (x86)\Windows Kits\10\Include\10.0.19041.0\shared\minwindef.h(204): message : Siehe vorherige Definition von "LOWORD"
D:\workspace\kasium\kasium_v2\kasium_v2\idadefs.hpp(74,1): warning C4005: "HIBYTE": Makro-Neudefinition
C:\Program Files (x86)\Windows Kits\10\Include\10.0.19041.0\shared\minwindef.h(207): message : Siehe vorherige Definition von "HIBYTE"
D:\workspace\kasium\kasium_v2\kasium_v2\idadefs.hpp(75,1): warning C4005: "HIWORD": Makro-Neudefinition
C:\Program Files (x86)\Windows Kits\10\Include\10.0.19041.0\shared\minwindef.h(205): message : Siehe vorherige Definition von "HIWORD"
D:\workspace\kasium\kasium_v2\kasium_v2\decryptor.cpp(78,38): warning C4244: "Argument": Konvertierung von "uint64_t" in "const uint32_t", möglicher Datenverlust
  definitions.cpp
  engine.cpp
  kasium_v2.cpp
  magic.cpp
  menu.cpp
D:\workspace\kasium\kasium_v2\kasium_v2\stdafx.hpp(3,1): warning C4005: "_CRT_SECURE_NO_WARNINGS": Makro-Neudefinition
D:\workspace\kasium\kasium_v2\kasium_v2\menu.cpp(1): message : Siehe vorherige Definition von "_CRT_SECURE_NO_WARNINGS"
D:\workspace\kasium\kasium_v2\kasium_v2\D3DMenuInputItem.hpp(14,32): warning C4244: "=": Konvertierung von "int" in "float", möglicher Datenverlust
  scanner.cpp
  settings.cpp
  utils.cpp
D:\workspace\kasium\kasium_v2\kasium_v2\utils.cpp(24,74): warning C4267: "Argument": Konvertierung von "size_t" nach "int", Datenverlust möglich
D:\workspace\kasium\kasium_v2\kasium_v2\utils.cpp(256,42): warning C4244: "=": Konvertierung von "int" in "float", möglicher Datenverlust
D:\workspace\kasium\kasium_v2\kasium_v2\utils.cpp(258,39): warning C4244: "=": Konvertierung von "int" in "float", möglicher Datenverlust
D:\workspace\kasium\kasium_v2\kasium_v2\utils.cpp(266,43): warning C4244: "=": Konvertierung von "int" in "float", möglicher Datenverlust
D:\workspace\kasium\kasium_v2\kasium_v2\utils.cpp(280,48): warning C4244: "=": Konvertierung von "int" in "float", möglicher Datenverlust
  kasium_v2.vcxproj -> D:\workspace\kasium\kasium_v2\x64\Release\kasium_v2.lib
