C:\Program Files (x86)\Microsoft Visual Studio\2019\Community\MSBuild\Microsoft\VC\v160\Microsoft.CppBuild.targets(422,5): warning MSB8038: Die Spectre-Entschärfung ist aktiviert, aber es wurden keine entschärften Spectre-Bibliotheken gefunden. Stellen Sie sicher, dass die Visual Studio-Workload die entschärften Spectre-Bibliotheken enthält. Weitere Informationen finden Sie unter https://aka.ms/Ofhn4c.
  aimbot.cpp
Z:\workspaces\kasium\kasium_v2\kasium_v2\xorstr.hpp(209): warning C4307: "*": Überlauf einer ganzzahligen Konstanten
Z:\workspaces\kasium\kasium_v2\kasium_v2\xorstr.hpp(209): warning C4307: "+": Überlauf einer ganzzahligen Konstanten
Z:\workspaces\kasium\kasium_v2\kasium_v2\xorstr.hpp(209): warning C4309: "static_cast": Verkürzung eines konstanten Wertes
  cheat.cpp
Z:\workspaces\kasium\kasium_v2\kasium_v2\xorstr.hpp(209): warning C4307: "*": Überlauf einer ganzzahligen Konstanten
Z:\workspaces\kasium\kasium_v2\kasium_v2\xorstr.hpp(209): warning C4307: "+": Überlauf einer ganzzahligen Konstanten
Z:\workspaces\kasium\kasium_v2\kasium_v2\xorstr.hpp(209): warning C4309: "static_cast": Verkürzung eines konstanten Wertes
Z:\workspaces\kasium\kasium_v2\kasium_v2\cheat.cpp(202): warning C4244: "Initialisierung": Konvertierung von "double" in "int", möglicher Datenverlust
Z:\workspaces\kasium\kasium_v2\kasium_v2\cheat.cpp(208): warning C4244: "Argument": Konvertierung von "int" in "float", möglicher Datenverlust
Z:\workspaces\kasium\kasium_v2\kasium_v2\cheat.cpp(211): warning C4244: "Argument": Konvertierung von "int" in "float", möglicher Datenverlust
Z:\workspaces\kasium\kasium_v2\kasium_v2\cheat.cpp(217): warning C4244: "Argument": Konvertierung von "uint32_t" in "float", möglicher Datenverlust
Z:\workspaces\kasium\kasium_v2\kasium_v2\cheat.cpp(225): warning C4244: "Argument": Konvertierung von "int" in "float", möglicher Datenverlust
Z:\workspaces\kasium\kasium_v2\kasium_v2\cheat.cpp(228): warning C4244: "Argument": Konvertierung von "int" in "float", möglicher Datenverlust
Z:\workspaces\kasium\kasium_v2\kasium_v2\cheat.cpp(234): warning C4244: "Argument": Konvertierung von "uint32_t" in "float", möglicher Datenverlust
Z:\workspaces\kasium\kasium_v2\kasium_v2\cheat.cpp(239): warning C4244: "Argument": Konvertierung von "int" in "float", möglicher Datenverlust
Z:\workspaces\kasium\kasium_v2\kasium_v2\cheat.cpp(243): warning C4244: "Argument": Konvertierung von "int" in "float", möglicher Datenverlust
Z:\workspaces\kasium\kasium_v2\kasium_v2\cheat.cpp(249): warning C4244: "Argument": Konvertierung von "uint32_t" in "float", möglicher Datenverlust
Z:\workspaces\kasium\kasium_v2\kasium_v2\cheat.cpp(253): warning C4244: "Argument": Konvertierung von "int" in "float", möglicher Datenverlust
Z:\workspaces\kasium\kasium_v2\kasium_v2\cheat.cpp(259): warning C4244: "Argument": Konvertierung von "uint32_t" in "float", möglicher Datenverlust
Z:\workspaces\kasium\kasium_v2\kasium_v2\cheat.cpp(282): warning C4244: "Argument": Konvertierung von "float" in "int", möglicher Datenverlust
Z:\workspaces\kasium\kasium_v2\kasium_v2\cheat.cpp(315): warning C4244: "=": Konvertierung von "_Ty1" in "uint32_t", möglicher Datenverlust
          with
          [
              _Ty1=float
          ]
Z:\workspaces\kasium\kasium_v2\kasium_v2\cheat.cpp(316): warning C4244: "=": Konvertierung von "_Ty2" in "uint32_t", möglicher Datenverlust
          with
          [
              _Ty2=float
          ]
Z:\workspaces\kasium\kasium_v2\kasium_v2\cheat.cpp(324): warning C4244: "Argument": Konvertierung von "uint32_t" in "float", möglicher Datenverlust
Z:\workspaces\kasium\kasium_v2\kasium_v2\cheat.cpp(328): warning C4244: "Argument": Konvertierung von "uint32_t" in "float", möglicher Datenverlust
  core.cpp
Z:\workspaces\kasium\kasium_v2\kasium_v2\xorstr.hpp(209): warning C4307: "*": Überlauf einer ganzzahligen Konstanten
Z:\workspaces\kasium\kasium_v2\kasium_v2\xorstr.hpp(209): warning C4307: "+": Überlauf einer ganzzahligen Konstanten
Z:\workspaces\kasium\kasium_v2\kasium_v2\xorstr.hpp(209): warning C4309: "static_cast": Verkürzung eines konstanten Wertes
  decryptor.cpp
Z:\workspaces\kasium\kasium_v2\kasium_v2\xorstr.hpp(209): warning C4307: "*": Überlauf einer ganzzahligen Konstanten
Z:\workspaces\kasium\kasium_v2\kasium_v2\xorstr.hpp(209): warning C4307: "+": Überlauf einer ganzzahligen Konstanten
Z:\workspaces\kasium\kasium_v2\kasium_v2\idadefs.hpp(71): warning C4005: "LOBYTE": Makro-Neudefinition
  C:\Program Files (x86)\Windows Kits\10\Include\10.0.18362.0\shared\minwindef.h(206): note: Siehe vorherige Definition von "LOBYTE"
Z:\workspaces\kasium\kasium_v2\kasium_v2\idadefs.hpp(72): warning C4005: "LOWORD": Makro-Neudefinition
  C:\Program Files (x86)\Windows Kits\10\Include\10.0.18362.0\shared\minwindef.h(204): note: Siehe vorherige Definition von "LOWORD"
Z:\workspaces\kasium\kasium_v2\kasium_v2\idadefs.hpp(74): warning C4005: "HIBYTE": Makro-Neudefinition
  C:\Program Files (x86)\Windows Kits\10\Include\10.0.18362.0\shared\minwindef.h(207): note: Siehe vorherige Definition von "HIBYTE"
Z:\workspaces\kasium\kasium_v2\kasium_v2\idadefs.hpp(75): warning C4005: "HIWORD": Makro-Neudefinition
  C:\Program Files (x86)\Windows Kits\10\Include\10.0.18362.0\shared\minwindef.h(205): note: Siehe vorherige Definition von "HIWORD"
Z:\workspaces\kasium\kasium_v2\kasium_v2\decryptor.cpp(78): warning C4244: "Argument": Konvertierung von "uint64_t" in "const uint32_t", möglicher Datenverlust
  definitions.cpp
Z:\workspaces\kasium\kasium_v2\kasium_v2\xorstr.hpp(209): warning C4307: "*": Überlauf einer ganzzahligen Konstanten
Z:\workspaces\kasium\kasium_v2\kasium_v2\xorstr.hpp(209): warning C4307: "+": Überlauf einer ganzzahligen Konstanten
Z:\workspaces\kasium\kasium_v2\kasium_v2\xorstr.hpp(209): warning C4309: "static_cast": Verkürzung eines konstanten Wertes
  engine.cpp
Z:\workspaces\kasium\kasium_v2\kasium_v2\xorstr.hpp(209): warning C4307: "*": Überlauf einer ganzzahligen Konstanten
Z:\workspaces\kasium\kasium_v2\kasium_v2\xorstr.hpp(209): warning C4307: "+": Überlauf einer ganzzahligen Konstanten
Z:\workspaces\kasium\kasium_v2\kasium_v2\xorstr.hpp(209): warning C4309: "static_cast": Verkürzung eines konstanten Wertes
  kasium_v2.cpp
Z:\workspaces\kasium\kasium_v2\kasium_v2\xorstr.hpp(209): warning C4307: "*": Überlauf einer ganzzahligen Konstanten
Z:\workspaces\kasium\kasium_v2\kasium_v2\xorstr.hpp(209): warning C4307: "+": Überlauf einer ganzzahligen Konstanten
  magic.cpp
Z:\workspaces\kasium\kasium_v2\kasium_v2\xorstr.hpp(209): warning C4307: "*": Überlauf einer ganzzahligen Konstanten
Z:\workspaces\kasium\kasium_v2\kasium_v2\xorstr.hpp(209): warning C4307: "+": Überlauf einer ganzzahligen Konstanten
Z:\workspaces\kasium\kasium_v2\kasium_v2\xorstr.hpp(209): warning C4309: "static_cast": Verkürzung eines konstanten Wertes
Z:\workspaces\kasium\kasium_v2\kasium_v2\magic.cpp(108): error C2039: "clamp": Ist kein Element von "std"
  C:\Program Files (x86)\Microsoft Visual Studio\2019\Community\VC\Tools\MSVC\14.20.27508\include\vector(19): note: Siehe Deklaration von "std"
Z:\workspaces\kasium\kasium_v2\kasium_v2\magic.cpp(108): error C3861: "clamp": Bezeichner wurde nicht gefunden.
  menu.cpp
Z:\workspaces\kasium\kasium_v2\kasium_v2\stdafx.hpp(3): warning C4005: "_CRT_SECURE_NO_WARNINGS": Makro-Neudefinition
  Z:\workspaces\kasium\kasium_v2\kasium_v2\menu.cpp(1): note: Siehe vorherige Definition von "_CRT_SECURE_NO_WARNINGS"
Z:\workspaces\kasium\kasium_v2\kasium_v2\xorstr.hpp(209): warning C4307: "*": Überlauf einer ganzzahligen Konstanten
Z:\workspaces\kasium\kasium_v2\kasium_v2\xorstr.hpp(209): warning C4307: "+": Überlauf einer ganzzahligen Konstanten
Z:\workspaces\kasium\kasium_v2\kasium_v2\xorstr.hpp(209): warning C4309: "static_cast": Verkürzung eines konstanten Wertes
Z:\workspaces\kasium\kasium_v2\kasium_v2\D3DMenuInputItem.hpp(14): warning C4244: "=": Konvertierung von "int" in "float", möglicher Datenverlust
  scanner.cpp
Z:\workspaces\kasium\kasium_v2\kasium_v2\xorstr.hpp(209): warning C4307: "*": Überlauf einer ganzzahligen Konstanten
Z:\workspaces\kasium\kasium_v2\kasium_v2\xorstr.hpp(209): warning C4307: "+": Überlauf einer ganzzahligen Konstanten
  settings.cpp
  utils.cpp
Z:\workspaces\kasium\kasium_v2\kasium_v2\xorstr.hpp(209): warning C4307: "*": Überlauf einer ganzzahligen Konstanten
Z:\workspaces\kasium\kasium_v2\kasium_v2\xorstr.hpp(209): warning C4307: "+": Überlauf einer ganzzahligen Konstanten
Z:\workspaces\kasium\kasium_v2\kasium_v2\utils.cpp(24): warning C4267: "Argument": Konvertierung von "size_t" nach "int", Datenverlust möglich
Z:\workspaces\kasium\kasium_v2\kasium_v2\utils.cpp(230): warning C4244: "=": Konvertierung von "int" in "float", möglicher Datenverlust
Z:\workspaces\kasium\kasium_v2\kasium_v2\utils.cpp(232): warning C4244: "=": Konvertierung von "int" in "float", möglicher Datenverlust
Z:\workspaces\kasium\kasium_v2\kasium_v2\utils.cpp(238): warning C4244: "=": Konvertierung von "int" in "float", möglicher Datenverlust
Z:\workspaces\kasium\kasium_v2\kasium_v2\utils.cpp(252): warning C4244: "=": Konvertierung von "int" in "float", möglicher Datenverlust
  Code wird generiert...
